./com-youtube.ungraph.txt	
./com-youtube.top5000.cmty.txt	
file (0x1c83de0)
20000	
40000	
60000	
80000	
100000	
120000	
140000	
160000	
180000	
200000	
220000	
240000	
260000	
280000	
300000	
320000	
340000	
360000	
380000	
400000	
420000	
440000	
460000	
480000	
500000	
520000	
540000	
560000	
580000	
600000	
620000	
640000	
660000	
680000	
700000	
720000	
740000	
760000	
780000	
800000	
820000	
840000	
860000	
880000	
900000	
920000	
940000	
960000	
980000	
1000000	
1020000	
1040000	
1060000	
1080000	
1100000	
1120000	
1140000	
1160000	
1180000	
1200000	
1220000	
1240000	
1260000	
1280000	
1300000	
1320000	
1340000	
1360000	
1380000	
1400000	
1420000	
1440000	
1460000	
1480000	
1500000	
1520000	
1540000	
1560000	
1580000	
1600000	
1620000	
1640000	
1660000	
1680000	
1700000	
1720000	
1740000	
1760000	
1780000	
1800000	
1820000	
1840000	
1860000	
1880000	
1900000	
1920000	
1940000	
1960000	
1980000	
2000000	
2020000	
2040000	
2060000	
2080000	
2100000	
2120000	
2140000	
2160000	
2180000	
2200000	
2220000	
2240000	
2260000	
2280000	
2300000	
2320000	
2340000	
2360000	
2380000	
2400000	
2420000	
2440000	
2460000	
2480000	
2500000	
2520000	
2540000	
2560000	
2580000	
2600000	
2620000	
2640000	
2660000	
2680000	
2700000	
2720000	
2740000	
2760000	
2780000	
2800000	
2820000	
2840000	
2860000	
2880000	
2900000	
2920000	
2940000	
2960000	
2980000	
100	
200	
300	
400	
500	
600	
700	
800	
900	
1000	
1100	
1200	
1300	
1400	
1500	
1600	
1700	
1800	
1900	
2000	
2100	
2200	
2300	
2400	
2500	
2600	
2700	
2800	
2900	
3000	
3100	
3200	
3300	
3400	
3500	
3600	
3700	
3800	
3900	
4000	
4100	
4200	
4300	
4400	
4500	
4600	
4700	
4800	
4900	
5000	
average community size is 14.5918	
total found clusts are (train:186140 || test: 27994	
166943	
33464	
2.3313970638581	
ConfusionMatrix:
[[    6732    1690    1343]   68.940% 	[class: 1]
 [    2788    6769     653]   66.298% 	[class: 2]
 [     245     326      26]]  4.355% 	[class: 3]
 + average row correct: 46.530981858571% 
 + average rowUcol correct (VOC measure): 36.323428309212% 
 + global correct: 65.754423488236%
2.1544585981083	
ConfusionMatrix:
[[   10928    3918    2214]   64.056% 	[class: 1]
 [    5181   15816    1475]   70.381% 	[class: 2]
 [     455     819      67]]  4.996% 	[class: 3]
 + average row correct: 46.477820972602% 
 + average rowUcol correct (VOC measure): 35.869762984415% 
 + global correct: 65.595870134319%
1.6558466600438	
ConfusionMatrix:
[[   15982    5511    2789]   65.818% 	[class: 1]
 [    7031   24182    2339]   72.073% 	[class: 2]
 [     676    1184     147]]  7.324% 	[class: 3]
 + average row correct: 48.405288656553% 
 + average rowUcol correct (VOC measure): 37.368389591575% 
 + global correct: 67.363513310272%
1.4095670881541	
ConfusionMatrix:
[[   18600    7441    3375]   63.231% 	[class: 1]
 [    8221   32207    2751]   74.589% 	[class: 2]
 [     747    1627     229]]  8.798% 	[class: 3]
 + average row correct: 48.872644702593% 
 + average rowUcol correct (VOC measure): 37.574953896304% 
 + global correct: 67.868826298572%
1.3101831371857	
ConfusionMatrix:
[[   21749    9222    3779]   62.587% 	[class: 1]
 [   10599   42978    3479]   75.326% 	[class: 2]
 [     896    2131     264]]  8.022% 	[class: 3]
 + average row correct: 48.644975324472% 
 + average rowUcol correct (VOC measure): 37.452540298303% 
 + global correct: 68.341798374292%
1.2250747485132	
ConfusionMatrix:
[[   26560   12617    3971]   61.556% 	[class: 1]
 [   12220   51974    3815]   76.422% 	[class: 2]
 [    1128    2607     283]]  7.043% 	[class: 3]
 + average row correct: 48.340373237928% 
 + average rowUcol correct (VOC measure): 37.284551002085% 
 + global correct: 68.432385500326%
1.1440499925876	
ConfusionMatrix:
[[   31228   15888    4248]   60.797% 	[class: 1]
 [   13856   60899    3950]   77.376% 	[class: 2]
 [    1427    2901     294]]  6.361% 	[class: 3]
 + average row correct: 48.178201913834% 
 + average rowUcol correct (VOC measure): 37.204490105311% 
 + global correct: 68.617056818941%
1.0102465312522	
ConfusionMatrix:
[[   34699   18686    4396]   60.053% 	[class: 1]
 [   15264   72391    4402]   78.637% 	[class: 2]
 [    1549    3242     310]]  6.077% 	[class: 3]
 + average row correct: 48.255667338769% 
 + average rowUcol correct (VOC measure): 37.418917939067% 
 + global correct: 69.317602411272%
1.1188559185987	
ConfusionMatrix:
[[   37412   20336    4546]   60.057% 	[class: 1]
 [   16793   80956    4920]   78.851% 	[class: 2]
 [    1703    3645     334]]  5.878% 	[class: 3]
 + average row correct: 48.26227289935% 
 + average rowUcol correct (VOC measure): 37.477888228993% 
 + global correct: 69.560784083917%
1.0832709743286	
ConfusionMatrix:
[[   43410   23510    4869]   60.469% 	[class: 1]
 [   18508   88185    5484]   78.612% 	[class: 2]
 [    2066    4027     445]]  6.806% 	[class: 3]
 + average row correct: 48.629202942053% 
 + average rowUcol correct (VOC measure): 37.584034229318% 
 + global correct: 69.310880611431%
0.91912279241686	
ConfusionMatrix:
[[   48327   25219    5067]   61.475% 	[class: 1]
 [   19914   94710    5612]   78.770% 	[class: 2]
 [    2191    4155     457]]  6.718% 	[class: 3]
 + average row correct: 48.987425118685% 
 + average rowUcol correct (VOC measure): 37.967065225045% 
 + global correct: 69.775154143894%
1.2567135539204	
ConfusionMatrix:
[[   53431   27726    5657]   61.547% 	[class: 1]
 [   21785  101707    6064]   78.504% 	[class: 2]
 [    2585    4376     651]]  8.552% 	[class: 3]
 + average row correct: 49.534361561139% 
 + average rowUcol correct (VOC measure): 38.112865140041% 
 + global correct: 69.554249895081%
1.2804139327648	
ConfusionMatrix:
[[   60023   30347    6008]   62.279% 	[class: 1]
 [   23769  110794    6275]   78.668% 	[class: 2]
 [    2923    4736     662]]  7.956% 	[class: 3]
 + average row correct: 49.634066224098% 
 + average rowUcol correct (VOC measure): 38.321268806855% 
 + global correct: 69.838354300981%
1.0927687137019	
ConfusionMatrix:
[[   63325   33238    6058]   61.708% 	[class: 1]
 [   25271  120071    6630]   79.009% 	[class: 2]
 [    3137    5119     684]]  7.651% 	[class: 3]
 + average row correct: 49.455761661132% 
 + average rowUcol correct (VOC measure): 38.192529852192% 
 + global correct: 69.850834620332%
1.0676116365536	
ConfusionMatrix:
[[   69408   37044    6388]   61.510% 	[class: 1]
 [   27231  131014    7014]   79.278% 	[class: 2]
 [    3381    5767     842]]  8.428% 	[class: 3]
 + average row correct: 49.738837530216% 
 + average rowUcol correct (VOC measure): 38.316653047999% 
 + global correct: 69.861744113798%
0.8980603851205	
ConfusionMatrix:
[[   74462   40163    6498]   61.476% 	[class: 1]
 [   28735  143215    7093]   79.989% 	[class: 2]
 [    3528    6069     855]]  8.180% 	[class: 3]
 + average row correct: 49.881922453642% 
 + average rowUcol correct (VOC measure): 38.558345784744% 
 + global correct: 70.35393956564%
1.0045293641619	
ConfusionMatrix:
[[   78912   42569    7154]   61.346% 	[class: 1]
 [   30050  152907    7236]   80.396% 	[class: 2]
 [    3714    6519     904]]  8.117% 	[class: 3]
 + average row correct: 49.952819446723% 
 + average rowUcol correct (VOC measure): 38.678491488099% 
 + global correct: 70.529601624415%
0.84862976158499	
ConfusionMatrix:
[[   83165   44230    7353]   61.719% 	[class: 1]
 [   30846  163353    7503]   80.987% 	[class: 2]
 [    3815    6676     908]]  7.966% 	[class: 3]
 + average row correct: 50.22394011418% 
 + average rowUcol correct (VOC measure): 39.072080204884% 
 + global correct: 71.130289292193%
0.7402694829938	
ConfusionMatrix:
[[   85588   46690    7377]   61.285% 	[class: 1]
 [   31287  176567    7768]   81.887% 	[class: 2]
 [    3853    7386     915]]  7.528% 	[class: 3]
 + average row correct: 50.233661135038% 
 + average rowUcol correct (VOC measure): 39.261656751235% 
 + global correct: 71.597116193244%
0.75055676969042	
ConfusionMatrix:
[[   89095   48621    7396]   61.397% 	[class: 1]
 [   32073  188096    7851]   82.491% 	[class: 2]
 [    3934    7834     919]]  7.244% 	[class: 3]
 + average row correct: 50.377349803845% 
 + average rowUcol correct (VOC measure): 39.533903698126% 
 + global correct: 72.083023386614%
0.98234932331306	
ConfusionMatrix:
[[   94328   51915    7462]   61.370% 	[class: 1]
 [   33358  196010    7937]   82.598% 	[class: 2]
 [    4164    8181     926]]  6.978% 	[class: 3]
 + average row correct: 50.315158565839% 
 + average rowUcol correct (VOC measure): 39.488421007991% 
 + global correct: 72.044939039925%
0.91438014160635	
ConfusionMatrix:
[[  100173   53745    7502]   62.057% 	[class: 1]
 [   34800  206652    8137]   82.797% 	[class: 2]
 [    4361    8392     928]]  6.783% 	[class: 3]
 + average row correct: 50.545804450909% 
 + average rowUcol correct (VOC measure): 39.799776673317% 
 + global correct: 72.465327650757%
0.91751982550073	
ConfusionMatrix:
[[  105736   56961    7563]   62.103% 	[class: 1]
 [   36307  219434    8511]   83.040% 	[class: 2]
 [    4473    8954     940]]  6.543% 	[class: 3]
 + average row correct: 50.561705976725% 
 + average rowUcol correct (VOC measure): 39.88393638283% 
 + global correct: 72.649867781741%
0.88105239138516	
ConfusionMatrix:
[[  110561   59753    7708]   62.105% 	[class: 1]
 [   37576  229758    8623]   83.259% 	[class: 2]
 [    4750    9161     956]]  6.430% 	[class: 3]
 + average row correct: 50.598072012266% 
 + average rowUcol correct (VOC measure): 39.953788245718% 
 + global correct: 72.790425854118%
0.75585054437994	
ConfusionMatrix:
[[  113860   61662    7755]   62.125% 	[class: 1]
 [   38329  241524    8781]   83.678% 	[class: 2]
 [    4820    9667     975]]  6.306% 	[class: 3]
 + average row correct: 50.702873120705% 
 + average rowUcol correct (VOC measure): 40.14323502779% 
 + global correct: 73.118330313743%
0.83120488775581	
ConfusionMatrix:
[[  116831   65010    7789]   61.610% 	[class: 1]
 [   39184  251696    9077]   83.911% 	[class: 2]
 [    4946   10150     994]]  6.178% 	[class: 3]
 + average row correct: 50.566139817238% 
 + average rowUcol correct (VOC measure): 40.031059148411% 
 + global correct: 73.074511990856%
0.79340521769495	
ConfusionMatrix:
[[  121151   68101    7895]   61.452% 	[class: 1]
 [   40276  262977    9278]   84.144% 	[class: 2]
 [    5165   10758    1035]]  6.103% 	[class: 3]
 + average row correct: 50.566574310263% 
 + average rowUcol correct (VOC measure): 40.054670907557% 
 + global correct: 73.136473769359%
0.7485461764342	
ConfusionMatrix:
[[  123417   70504    7905]   61.150% 	[class: 1]
 [   41465  277937    9389]   84.533% 	[class: 2]
 [    5338   11355    1037]]  5.849% 	[class: 3]
 + average row correct: 50.510690857967% 
 + average rowUcol correct (VOC measure): 40.094019596775% 
 + global correct: 73.38254791218%
0.77100337893945	
ConfusionMatrix:
[[  127555   72516    7992]   61.306% 	[class: 1]
 [   42417  288357    9469]   84.750% 	[class: 2]
 [    5447   11686    1047]]  5.759% 	[class: 3]
 + average row correct: 50.605113555988% 
 + average rowUcol correct (VOC measure): 40.238478158911% 
 + global correct: 73.604466835897%
0.74256439001486	
ConfusionMatrix:
[[  131937   75177    8056]   61.318% 	[class: 1]
 [   43489  298349    9534]   84.910% 	[class: 2]
 [    5554   12000    1053]]  5.659% 	[class: 3]
 + average row correct: 50.628816212217% 
 + average rowUcol correct (VOC measure): 40.291954639057% 
 + global correct: 73.71438727572%
0.72798879931717	
ConfusionMatrix:
[[  134882   78348    8280]   60.892% 	[class: 1]
 [   44455  309810    9787]   85.100% 	[class: 2]
 [    5728   12664    1081]]  5.551% 	[class: 3]
 + average row correct: 50.51460377872% 
 + average rowUcol correct (VOC measure): 40.2017104129% 
 + global correct: 73.677225284488%
0.81552668406399	
ConfusionMatrix:
[[  141875   81319    8413]   61.257% 	[class: 1]
 [   45516  316224   10150]   85.032% 	[class: 2]
 [    5937   12973    1121]]  5.596% 	[class: 3]
 + average row correct: 50.628234197696% 
 + average rowUcol correct (VOC measure): 40.286402776837% 
 + global correct: 73.648657317715%
0.85502856391583	
ConfusionMatrix:
[[  145308   83493    8418]   61.255% 	[class: 1]
 [   46039  324498   10234]   85.221% 	[class: 2]
 [    6014   13399    1121]]  5.459% 	[class: 3]
 + average row correct: 50.645109390219% 
 + average rowUcol correct (VOC measure): 40.342510615786% 
 + global correct: 73.75243530392%
0.78002791056497	
ConfusionMatrix:
[[  150336   86347    8447]   61.329% 	[class: 1]
 [   47068  334192   10436]   85.319% 	[class: 2]
 [    6147   13792    1127]]  5.350% 	[class: 3]
 + average row correct: 50.666056821744% 
 + average rowUcol correct (VOC measure): 40.386357965569% 
 + global correct: 73.819867090647%
0.72967138977113	
ConfusionMatrix:
[[  153277   87942    8460]   61.390% 	[class: 1]
 [   47727  344930   10668]   85.522% 	[class: 2]
 [    6216   14169    1130]]  5.252% 	[class: 3]
 + average row correct: 50.721125801404% 
 + average rowUcol correct (VOC measure): 40.50239926825% 
 + global correct: 74.028604086764%
0.73421678265336	
ConfusionMatrix:
[[  156170   91271    8493]   61.020% 	[class: 1]
 [   48642  353035   10763]   85.597% 	[class: 2]
 [    6356   14527    1149]]  5.215% 	[class: 3]
 + average row correct: 50.61048977077% 
 + average rowUcol correct (VOC measure): 40.377161155144% 
 + global correct: 73.920852368027%
0.75342041188281	
ConfusionMatrix:
[[  159900   94004    8711]   60.888% 	[class: 1]
 [   49644  364102   10811]   85.760% 	[class: 2]
 [    6519   14929    1170]]  5.173% 	[class: 3]
 + average row correct: 50.6069774429% 
 + average rowUcol correct (VOC measure): 40.395278918246% 
 + global correct: 73.989771622593%
0.75078946861367	
ConfusionMatrix:
[[  162228   95980    8729]   60.774% 	[class: 1]
 [   50561  375609   10898]   85.938% 	[class: 2]
 [    6602   15427    1177]]  5.072% 	[class: 3]
 + average row correct: 50.594733903805% 
 + average rowUcol correct (VOC measure): 40.428409911692% 
 + global correct: 74.12071599577%
0.7524193833963	
ConfusionMatrix:
[[  167025   98640    8830]   60.848% 	[class: 1]
 [   51510  383060   11533]   85.868% 	[class: 2]
 [    6698   15849    1191]]  5.017% 	[class: 3]
 + average row correct: 50.577812517683% 
 + average rowUcol correct (VOC measure): 40.411463752389% 
 + global correct: 74.062788848047%
0.69094973464775	
ConfusionMatrix:
[[  172647  101092    8875]   61.089% 	[class: 1]
 [   52483  395108   11632]   86.038% 	[class: 2]
 [    6781   16072    1201]]  4.993% 	[class: 3]
 + average row correct: 50.706879422069% 
 + average rowUcol correct (VOC measure): 40.581286946932% 
 + global correct: 74.286811047525%
Epoch[1] Train loss 0.101830 	
ConfusionMatrix:
[[  172771  101170    8875]   61.090% 	[class: 1]
 [   52484  395214   11632]   86.041% 	[class: 2]
 [    6783   16079    1201]]  4.991% 	[class: 3]
 + average row correct: 50.707337756952% 
 + average rowUcol correct (VOC measure): 40.58161812524% 
 + global correct: 74.285997684705%
Epoch[2] Test loss 0.036745 	
ConfusionMatrix:
[[   78006   56047     298]   58.061% 	[class: 1]
 [   32008  344619     568]   91.364% 	[class: 2]
 [    1245    6719      40]]  0.500% 	[class: 3]
 + average row correct: 49.97490675499% 
 + average rowUcol correct (VOC measure): 41.774083658432% 
 + global correct: 81.352131652391%
0.64254156420218	
ConfusionMatrix:
[[    2916    2329      11]   55.479% 	[class: 1]
 [     864    7157      10]   89.117% 	[class: 2]
 [     156     223       1]]  0.263% 	[class: 3]
 + average row correct: 48.286594093467% 
 + average rowUcol correct (VOC measure): 38.11313995781% 
 + global correct: 73.710397307383%
0.6288033416244	
ConfusionMatrix:
[[    5807    4291      35]   57.308% 	[class: 1]
 [    1542   18235      38]   92.026% 	[class: 2]
 [     217     446       2]]  0.301% 	[class: 3]
 + average row correct: 49.87826703582% 
 + average rowUcol correct (VOC measure): 41.124361179148% 
 + global correct: 78.541795969033%
0.66978200502855	
ConfusionMatrix:
[[    9296    6598      57]   58.278% 	[class: 1]
 [    2378   28481     158]   91.824% 	[class: 2]
 [     374     885       8]]  0.631% 	[class: 3]
 + average row correct: 50.244576701274% 
 + average rowUcol correct (VOC measure): 41.406563452135% 
 + global correct: 78.335233751425%
0.77598986078768	
ConfusionMatrix:
[[   14030    9828     106]   58.546% 	[class: 1]
 [    4237   40697     291]   89.988% 	[class: 2]
 [     619    1720      37]]  1.557% 	[class: 3]
 + average row correct: 50.030409016957% 
 + average rowUcol correct (VOC measure): 40.566496147464% 
 + global correct: 76.523440229162%
0.64473866238949	
ConfusionMatrix:
[[   16317   11624     130]   58.128% 	[class: 1]
 [    4856   52710     463]   90.834% 	[class: 2]
 [     663    2179      52]]  1.797% 	[class: 3]
 + average row correct: 50.252772433062% 
 + average rowUcol correct (VOC measure): 41.149254205326% 
 + global correct: 77.622086882262%
0.78474974362741	
ConfusionMatrix:
[[   22403   16129     283]   57.717% 	[class: 1]
 [    6319   61516     474]   90.055% 	[class: 2]
 [     952    2537      60]]  1.691% 	[class: 3]
 + average row correct: 49.821159181496% 
 + average rowUcol correct (VOC measure): 40.244354773313% 
 + global correct: 75.880296007156%
0.66958327815655	
ConfusionMatrix:
[[   24684   17620     304]   57.933% 	[class: 1]
 [    7032   73614    1157]   89.989% 	[class: 2]
 [    1004    2839      69]]  1.764% 	[class: 3]
 + average row correct: 49.895316672822% 
 + average rowUcol correct (VOC measure): 40.670036866019% 
 + global correct: 76.65578267341%
0.68775200692477	
ConfusionMatrix:
[[   28166   19798     341]   58.309% 	[class: 1]
 [    8049   82227    1194]   89.895% 	[class: 2]
 [    1127    3174      81]]  1.848% 	[class: 3]
 + average row correct: 50.017392573257% 
 + average rowUcol correct (VOC measure): 40.739949575315% 
 + global correct: 76.634502660294%
0.74029682482468	
ConfusionMatrix:
[[   33946   23315    1236]   58.030% 	[class: 1]
 [    9358   94742    1499]   89.719% 	[class: 2]
 [    1552    3849     126]]  2.280% 	[class: 3]
 + average row correct: 50.009564869106% 
 + average rowUcol correct (VOC measure): 40.598472331961% 
 + global correct: 75.941352293026%
